-------------------------------------------------------------------------------
Test set: CSCI318.BusinessIntelligence.BusinessIntelligenceApplicationTests
-------------------------------------------------------------------------------
Tests run: 1, Failures: 0, Errors: 1, Skipped: 0, Time elapsed: 1.453 s <<< FAILURE! - in CSCI318.BusinessIntelligence.BusinessIntelligenceApplicationTests
contextLoads  Time elapsed: 0.001 s  <<< ERROR!
java.lang.IllegalStateException: Failed to load ApplicationContext
Caused by: org.springframework.beans.factory.BeanDefinitionStoreException: Failed to parse configuration class [CSCI318.BusinessIntelligence.BusinessIntelligenceApplication]; nested exception is org.springframework.context.annotation.ConflictingBeanDefinitionException: Annotation-specified bean name 'productInteractiveQuery' for bean class [CSCI318.BusinessIntelligence.Service.ProductInteractiveQuery] conflicts with existing, non-compatible bean definition of same name and class [CSCI318.BusinessIntelligence.ProductInteractiveQuery]
Caused by: org.springframework.context.annotation.ConflictingBeanDefinitionException: Annotation-specified bean name 'productInteractiveQuery' for bean class [CSCI318.BusinessIntelligence.Service.ProductInteractiveQuery] conflicts with existing, non-compatible bean definition of same name and class [CSCI318.BusinessIntelligence.ProductInteractiveQuery]

